<?xml version="1.0" encoding="UTF-8"?>
<!-- Generated by org.testng.reporters.JUnitReportReporter -->
<testsuite skipped="1" hostname="DESKTOP-C92CSUL" name="week5.day1.MultipleWindowSwitch" tests="2" failures="0" timestamp="17 Aug 2019 10:25:37 GMT" time="0.000" errors="1">
  <testcase name="loginLeafTaps" time="0.000" classname="week5.day1.MultipleWindowSwitch">
    <error type="org.testng.TestNGException" message="
Parameter &#039;url&#039; is required by BeforeMethod on method loginLeafTaps but has not been marked @Optional or defined
in C:\TestLeaf\Maven\TestProject\testngparallel.xml">
      <![CDATA[org.testng.TestNGException: 
Parameter 'url' is required by BeforeMethod on method loginLeafTaps but has not been marked @Optional or defined
in C:\TestLeaf\Maven\TestProject\testngparallel.xml
at org.testng.internal.Parameters.createParams(Parameters.java:290)
at org.testng.internal.Parameters.createParametersForMethod(Parameters.java:359)
at org.testng.internal.Parameters.createParameters(Parameters.java:620)
at org.testng.internal.Parameters.createConfigurationParameters(Parameters.java:190)
at org.testng.internal.Invoker.invokeConfigurations(Invoker.java:209)
at org.testng.internal.Invoker.invokeMethod(Invoker.java:523)
at org.testng.internal.Invoker.invokeTestMethod(Invoker.java:719)
at org.testng.internal.Invoker.invokeTestMethods(Invoker.java:989)
at org.testng.internal.TestMethodWorker.invokeTestMethods(TestMethodWorker.java:125)
at org.testng.internal.TestMethodWorker.run(TestMethodWorker.java:109)
at java.util.concurrent.ThreadPoolExecutor.runWorker(ThreadPoolExecutor.java:1149)
at java.util.concurrent.ThreadPoolExecutor$Worker.run(ThreadPoolExecutor.java:624)
at java.lang.Thread.run(Thread.java:748)
]]>
    </error>
  </testcase> <!-- loginLeafTaps -->
  <testcase name="runMergeLead" time="0.000" classname="week5.day1.MultipleWindowSwitch">
    <skipped/>
  </testcase> <!-- runMergeLead -->
</testsuite> <!-- week5.day1.MultipleWindowSwitch -->
