<?xml version="1.0" encoding="UTF-8"?>
<!-- Generated by org.testng.reporters.JUnitReportReporter -->
<testsuite skipped="0" hostname="DESKTOP-C92CSUL" name="runner.runCreateLead" tests="4" failures="0" timestamp="17 Aug 2019 09:55:51 GMT" time="118.942" errors="0">
  <testcase name="runScenario" time="20.777" classname="runner.runCreateLead"/>
  <testcase name="runScenario" time="36.641" classname="runner.runCreateLead"/>
  <testcase name="runScenario" time="39.629" classname="runner.runCreateLead"/>
  <testcase name="runScenario" time="21.895" classname="runner.runCreateLead"/>
</testsuite> <!-- runner.runCreateLead -->
